<?xml version="1.0" encoding="UTF-8"?>
<coverage generated="1715633701618" clover="3.2.0">
  <project timestamp="1715633701618" name="All files">
    <metrics statements="17" coveredstatements="12" conditionals="3" coveredconditionals="1" methods="3" coveredmethods="1" elements="23" coveredelements="14" complexity="0" loc="17" ncloc="17" packages="1" files="1" classes="1"/>
    <file name="index.ts" path="/Users/judith.ibanez/Desktop/AI4Devs/AI4Devs-lab-ides/backend/src/index.ts">
      <metrics statements="17" coveredstatements="12" conditionals="3" coveredconditionals="1" methods="3" coveredmethods="1"/>
      <line num="2" count="1" type="stmt"/>
      <line num="3" count="1" type="stmt"/>
      <line num="4" count="1" type="stmt"/>
      <line num="6" count="1" type="stmt"/>
      <line num="7" count="1" type="stmt"/>
      <line num="9" count="1" type="stmt"/>
      <line num="10" count="1" type="stmt"/>
      <line num="12" count="1" type="cond" truecount="1" falsecount="1"/>
      <line num="14" count="1" type="cond" truecount="0" falsecount="1"/>
      <line num="15" count="0" type="stmt"/>
      <line num="16" count="0" type="stmt"/>
      <line num="20" count="1" type="stmt"/>
      <line num="21" count="1" type="stmt"/>
      <line num="24" count="1" type="stmt"/>
      <line num="25" count="0" type="stmt"/>
      <line num="26" count="0" type="stmt"/>
      <line num="27" count="0" type="stmt"/>
    </file>
  </project>
</coverage>
